0 info it worked if it ends with ok
1 verbose cli [ 'D:\\Program Files\\nodejs\\node.exe',
1 verbose cli   'D:\\Program Files\\nodejs\\node_modules\\npm\\bin\\npm-cli.js',
1 verbose cli   'install',
1 verbose cli   'n',
1 verbose cli   '--save' ]
2 info using npm@3.10.10
3 info using node@v4.2.0
4 silly loadCurrentTree Starting
5 silly install loadCurrentTree
6 silly install readLocalPackageData
7 silly fetchPackageMetaData n
8 silly fetchNamedPackageData n
9 silly mapToRegistry name n
10 silly mapToRegistry using default registry
11 silly mapToRegistry registry https://registry.npmjs.org/
12 silly mapToRegistry data Result {
12 silly mapToRegistry   raw: 'n',
12 silly mapToRegistry   scope: null,
12 silly mapToRegistry   escapedName: 'n',
12 silly mapToRegistry   name: 'n',
12 silly mapToRegistry   rawSpec: '',
12 silly mapToRegistry   spec: 'latest',
12 silly mapToRegistry   type: 'tag' }
13 silly mapToRegistry uri https://registry.npmjs.org/n
14 verbose request uri https://registry.npmjs.org/n
15 verbose request no auth needed
16 info attempt registry request try #1 at 20:34:34
17 verbose request id 414a0fd644cc92e9
18 verbose etag W/"58af8851-faae"
19 verbose lastModified Fri, 24 Feb 2017 01:11:45 GMT
20 http request GET https://registry.npmjs.org/n
21 http 304 https://registry.npmjs.org/n
22 verbose headers { date: 'Thu, 02 Mar 2017 12:34:33 GMT',
22 verbose headers   via: '1.1 varnish',
22 verbose headers   'cache-control': 'max-age=300',
22 verbose headers   etag: 'W/"58af8851-faae"',
22 verbose headers   age: '0',
22 verbose headers   connection: 'keep-alive',
22 verbose headers   'x-served-by': 'cache-nrt6124-NRT',
22 verbose headers   'x-cache': 'HIT',
22 verbose headers   'x-cache-hits': '1',
22 verbose headers   'x-timer': 'S1488458073.850178,VS0,VE150',
22 verbose headers   vary: 'Accept-Encoding' }
23 silly get cb [ 304,
23 silly get   { date: 'Thu, 02 Mar 2017 12:34:33 GMT',
23 silly get     via: '1.1 varnish',
23 silly get     'cache-control': 'max-age=300',
23 silly get     etag: 'W/"58af8851-faae"',
23 silly get     age: '0',
23 silly get     connection: 'keep-alive',
23 silly get     'x-served-by': 'cache-nrt6124-NRT',
23 silly get     'x-cache': 'HIT',
23 silly get     'x-cache-hits': '1',
23 silly get     'x-timer': 'S1488458073.850178,VS0,VE150',
23 silly get     vary: 'Accept-Encoding' } ]
24 verbose etag https://registry.npmjs.org/n from cache
25 verbose get saving n to C:\Users\Administrator\AppData\Roaming\npm-cache\registry.npmjs.org\n\.cache.json
26 verbose correctMkdir C:\Users\Administrator\AppData\Roaming\npm-cache correctMkdir not in flight; initializing
27 silly install normalizeTree
28 silly loadCurrentTree Finishing
29 silly loadIdealTree Starting
30 silly install loadIdealTree
31 silly cloneCurrentTree Starting
32 silly install cloneCurrentTreeToIdealTree
33 silly cloneCurrentTree Finishing
34 silly loadShrinkwrap Starting
35 silly install loadShrinkwrap
36 silly loadShrinkwrap Finishing
37 silly loadAllDepsIntoIdealTree Starting
38 silly install loadAllDepsIntoIdealTree
39 silly rollbackFailedOptional Starting
40 silly rollbackFailedOptional Finishing
41 silly runTopLevelLifecycles Finishing
42 silly install printInstalled
43 verbose stack Error: Unsupported platform for n@2.1.4: wanted {"name":"n","description":"Interactively Manage All Your Node Versions","version":"2.1.4","author":{"name":"TJ Holowaychuk","email":"tj@vision-media.ca"},"homepage":"https://github.com/tj/n","bugs":{"url":"https://github.com/tj/n/issues"},"contributors":[{"name":"Travis Webb","email":"me@traviswebb.com","url":"tjw.io"},{"name":"Nimit Kalra","email":"me@nimit.io","url":"http://nimit.io"},{"name":"Troy Connor","email":"troy0820@gmail.com","url":"https://github.com/troy0820"}],"keywords":["nvm","node","version","manager","switcher","node","binary","env"],"bin":{"n":"./bin/n"},"repository":{"type":"git","url":"git://github.com/tj/n.git"},"preferGlobal":true,"os":["!win32"],"engines":{"node":"*"},"license":"MIT","gitHead":"ff9ba303d972069903c0f951ece43f47adce24e8","_id":"n@2.1.4","scripts":{},"_shasum":"7546bc467a120cc96718f2716cd86c43290f94c5","_from":"n","_npmVersion":"3.10.3","_nodeVersion":"6.3.1","_npmUser":{"name":"qw3rtman","email":"me@nimit.io"},"dist":{"shasum":"7546bc467a120cc96718f2716cd86c43290f94c5","tarball":"https://registry.npmjs.org/n/-/n-2.1.4.tgz"},"maintainers":[{"name":"bat","email":"ben@benatkin.com"},{"name":"qw3rtman","email":"nimit@nimitkalra.com"},{"name":"tedgaydos","email":"tedgaydos@gmail.com"},{"name":"tjholowaychuk","email":"tj@vision-media.ca"},{"name":"tjwebb","email":"me@traviswebb.com"},{"name":"troy0820","email":"troy.connor@yahoo.com"}],"_npmOperationalInternal":{"host":"packages-16-east.internal.npmjs.com","tmp":"tmp/n-2.1.4.tgz_1470600124670_0.21058935346081853"},"directories":{},"_resolved":"https://registry.npmjs.org/n/-/n-2.1.4.tgz","_requested":{"raw":"n","scope":null,"escapedName":"n","name":"n","rawSpec":"","spec":"latest","type":"tag"},"_spec":"n","_where":"F:\\interview-project\\bookstore","_args":[[{"raw":"n","scope":null,"escapedName":"n","name":"n","rawSpec":"","spec":"latest","type":"tag"},"F:\\interview-project\\bookstore"]],"readme":"ERROR: No README data found!"} (current: {"os":"win32","cpu":"x64"})
43 verbose stack     at checkPlatform (D:\Program Files\nodejs\node_modules\npm\node_modules\npm-install-checks\index.js:45:14)
43 verbose stack     at thenWarnEngineIssues (D:\Program Files\nodejs\node_modules\npm\lib\install\validate-args.js:41:5)
43 verbose stack     at D:\Program Files\nodejs\node_modules\npm\node_modules\iferr\index.js:13:50
43 verbose stack     at checkEngine (D:\Program Files\nodejs\node_modules\npm\node_modules\npm-install-checks\index.js:24:10)
43 verbose stack     at module.exports.isInstallable (D:\Program Files\nodejs\node_modules\npm\lib\install\validate-args.js:38:3)
43 verbose stack     at Array.<anonymous> (D:\Program Files\nodejs\node_modules\npm\node_modules\slide\lib\bind-actor.js:15:8)
43 verbose stack     at LOOP (D:\Program Files\nodejs\node_modules\npm\node_modules\slide\lib\chain.js:15:14)
43 verbose stack     at D:\Program Files\nodejs\node_modules\npm\node_modules\slide\lib\chain.js:18:7
43 verbose stack     at checkSelf (D:\Program Files\nodejs\node_modules\npm\lib\install\validate-args.js:46:72)
43 verbose stack     at Array.<anonymous> (D:\Program Files\nodejs\node_modules\npm\node_modules\slide\lib\bind-actor.js:15:8)
44 verbose pkgid n@2.1.4
45 verbose cwd F:\interview-project\bookstore
46 error Windows_NT 10.0.10586
47 error argv "D:\\Program Files\\nodejs\\node.exe" "D:\\Program Files\\nodejs\\node_modules\\npm\\bin\\npm-cli.js" "install" "n" "--save"
48 error node v4.2.0
49 error npm  v3.10.10
50 error code EBADPLATFORM
51 error notsup Unsupported platform for n@2.1.4: wanted {"os":"!win32","arch":"any"} (current: {"os":"win32","arch":"x64"})
52 error notsup Valid OS:    !win32
52 error notsup Valid Arch:  any
52 error notsup Actual OS:   win32
52 error notsup Actual Arch: x64
53 verbose exit [ 1, true ]
